2018-07-26 17:21:46  0.37 0.34 0.38  71.8600  摄氏度51.50  note
2018-07-26 17:21:46  0.37 0.34 0.38  33.3400  摄氏度51.50  note
2018-07-26 17:21:47  0.37 0.34 0.38  25.8800  摄氏度51.50  note
2018-07-26 17:21:47  0.37 0.34 0.38  30.3500  摄氏度51.50  note
2018-07-26 17:21:48  0.37 0.34 0.38  32.0000  摄氏度51.50  note
2018-07-26 17:21:48  0.37 0.34 0.38  39.2200  摄氏度51.50  note
2018-07-26 17:21:49  0.66 0.40 0.40  38.0000  摄氏度52.00  note
2018-07-26 17:21:50  0.66 0.40 0.40  39.4000  摄氏度52.00  note
2018-07-26 17:21:50  0.66 0.40 0.40  28.9400  摄氏度52.00  note
2018-07-26 17:21:51  0.66 0.40 0.40  36.0000  摄氏度52.00  note
2018-07-26 17:21:51  0.66 0.40 0.40  37.1200  摄氏度52.00  note
2018-07-26 17:21:52  0.66 0.40 0.40  32.1300  摄氏度52.00  note
2018-07-26 17:22:12  0.89 0.47 0.43  34.3500  摄氏度53.00  note
2018-07-26 17:22:13  0.89 0.47 0.43  32.8300  摄氏度53.00  note
2018-07-26 17:22:13  0.89 0.47 0.43  26.7700  摄氏度53.00  note
2018-07-26 17:22:14  0.89 0.47 0.43  42.5000  摄氏度53.00  note
2018-07-26 17:22:14  1.06 0.51 0.44  41.3000  摄氏度53.00  note
2018-07-26 17:22:15  1.06 0.51 0.44  40.2000  摄氏度53.00  note
2018-07-26 17:22:15  1.06 0.51 0.44  44.9500  摄氏度53.00  note
2018-07-26 17:22:16  1.06 0.51 0.44  29.7100  摄氏度53.00  note
2018-07-26 17:22:16  1.06 0.51 0.44  27.5000  摄氏度53.00  note
2018-07-26 17:22:17  1.06 0.51 0.44  26.3700  摄氏度53.00  note
2018-07-26 17:22:17  1.06 0.51 0.44  28.7200  摄氏度53.00  note
2018-07-26 17:22:18  1.06 0.51 0.44  27.1400  摄氏度53.00  note
2018-07-26 17:22:38  1.04 0.54 0.45  26.8700  摄氏度54.00  note
2018-07-26 17:22:39  1.04 0.54 0.45  32.0000  摄氏度54.00  note
2018-07-26 17:22:39  1.04 0.55 0.46  28.8600  摄氏度54.00  note
2018-07-26 17:22:40  1.04 0.55 0.46  26.6400  摄氏度54.00  note
2018-07-26 17:22:40  1.04 0.55 0.46  25.5000  摄氏度53.50  note
2018-07-26 17:22:41  1.04 0.55 0.46  26.1400  摄氏度53.50  note
2018-07-26 17:22:41  1.04 0.55 0.46  28.1500  摄氏度53.50  note
2018-07-26 17:22:42  1.04 0.55 0.46  32.4900  摄氏度54.00  note
2018-07-26 17:22:42  1.04 0.55 0.46  32.1700  摄氏度54.00  note
2018-07-26 17:22:43  1.04 0.55 0.46  25.5000  摄氏度54.00  note
2018-07-26 17:22:44  1.04 0.55 0.46  25.7500  摄氏度54.00  note
2018-07-26 17:22:44  1.03 0.56 0.46  30.1600  摄氏度54.00  note
2018-07-26 17:23:05  1.02 0.59 0.47  31.5000  摄氏度54.00  note
2018-07-26 17:23:05  1.02 0.59 0.47  26.6100  摄氏度54.00  note
2018-07-26 17:23:06  1.02 0.59 0.47  25.8800  摄氏度54.00  note
2018-07-26 17:23:06  1.02 0.59 0.47  43.2200  摄氏度54.00  note
2018-07-26 17:23:07  1.02 0.59 0.47  25.8800  摄氏度54.00  note
2018-07-26 17:23:07  1.02 0.59 0.47  25.1300  摄氏度54.00  note
2018-07-26 17:23:08  1.02 0.59 0.47  25.3800  摄氏度54.00  note
2018-07-26 17:23:08  1.02 0.59 0.47  61.1200  摄氏度54.00  note
2018-07-26 17:23:09  1.02 0.59 0.47  30.1600  摄氏度54.00  note
2018-07-26 17:23:09  1.02 0.60 0.47  29.7100  摄氏度54.00  note
2018-07-26 17:23:10  1.02 0.60 0.47  34.6600  摄氏度54.00  note
2018-07-26 17:23:10  1.02 0.60 0.47  25.3800  摄氏度54.00  note
2018-07-26 17:23:31  1.26 0.67 0.50  26.0000  摄氏度54.50  note
2018-07-26 17:23:31  1.26 0.67 0.50  25.5000  摄氏度54.50  note
2018-07-26 17:23:32  1.26 0.67 0.50  26.3700  摄氏度54.50  note
2018-07-26 17:23:32  1.26 0.67 0.50  31.3500  摄氏度54.50  note
2018-07-26 17:23:33  1.26 0.67 0.50  31.5300  摄氏度54.50  note
2018-07-26 17:23:33  1.26 0.67 0.50  31.6900  摄氏度54.50  note
2018-07-26 17:23:34  1.26 0.67 0.50  26.5000  摄氏度54.50  note
2018-07-26 17:23:34  1.23 0.68 0.51  25.0000  摄氏度54.50  note
2018-07-26 17:23:35  1.23 0.68 0.51  25.1300  摄氏度54.50  note
2018-07-26 17:23:35  1.23 0.68 0.51  26.7400  摄氏度54.50  note
2018-07-26 17:23:36  1.23 0.68 0.51  34.6600  摄氏度54.50  note
2018-07-26 17:23:36  1.23 0.68 0.51  27.2800  摄氏度54.50  note
