2018-07-26_17:21:46 1 / 41474 29578 25%
2018-07-26_17:21:46 1 /media/ankun/华为手机助手 7 0 100%
2018-07-26_17:21:46 0 disk 41481 29578 29%
2018-07-26_17:21:46 1 / 41474 29578 25%
2018-07-26_17:21:46 1 /media/ankun/华为手机助手 7 0 100%
2018-07-26_17:21:46 0 disk 41481 29578 29%
2018-07-26_17:21:46 1 / 41474 29578 25%
2018-07-26_17:21:46 1 /media/ankun/华为手机助手 7 0 100%
2018-07-26_17:21:46 0 disk 41481 29578 29%
2018-07-26_17:21:46 1 / 41474 29578 25%
2018-07-26_17:21:46 1 /media/ankun/华为手机助手 7 0 100%
2018-07-26_17:21:46 0 disk 41481 29578 29%
2018-07-26_17:21:46 1 / 41474 29578 25%
2018-07-26_17:21:46 1 /media/ankun/华为手机助手 7 0 100%
2018-07-26_17:21:46 0 disk 41481 29578 29%
2018-07-26_17:21:46 1 / 41474 29578 25%
2018-07-26_17:21:46 1 /media/ankun/华为手机助手 7 0 100%
2018-07-26_17:21:46 0 disk 41481 29578 29%
2018-07-26_17:21:46 1 / 41474 29578 25%
2018-07-26_17:21:46 1 /media/ankun/华为手机助手 7 0 100%
2018-07-26_17:21:46 0 disk 41481 29578 29%
2018-07-26_17:21:46 1 / 41474 29578 25%
2018-07-26_17:21:46 1 /media/ankun/华为手机助手 7 0 100%
2018-07-26_17:21:46 0 disk 41481 29578 29%
2018-07-26_17:21:46 1 / 41474 29578 25%
2018-07-26_17:21:46 1 /media/ankun/华为手机助手 7 0 100%
2018-07-26_17:21:46 0 disk 41481 29578 29%
2018-07-26_17:21:46 1 / 41474 29578 25%
2018-07-26_17:21:46 1 /media/ankun/华为手机助手 7 0 100%
2018-07-26_17:21:46 0 disk 41481 29578 29%
2018-07-26_17:21:46 1 / 41474 29578 25%
2018-07-26_17:21:46 1 /media/ankun/华为手机助手 7 0 100%
2018-07-26_17:21:46 0 disk 41481 29578 29%
2018-07-26_17:21:46 1 / 41474 29578 25%
2018-07-26_17:21:46 1 /media/ankun/华为手机助手 7 0 100%
2018-07-26_17:21:46 0 disk 41481 29578 29%
2018-07-26_17:22:06 1 / 41474 29578 25%
2018-07-26_17:22:06 1 /media/ankun/华为手机助手 7 0 100%
2018-07-26_17:22:06 0 disk 41481 29578 29%
2018-07-26_17:22:06 1 / 41474 29578 25%
2018-07-26_17:22:06 1 /media/ankun/华为手机助手 7 0 100%
2018-07-26_17:22:06 0 disk 41481 29578 29%
2018-07-26_17:22:06 1 / 41474 29578 25%
2018-07-26_17:22:06 1 /media/ankun/华为手机助手 7 0 100%
2018-07-26_17:22:06 0 disk 41481 29578 29%
2018-07-26_17:22:06 1 / 41474 29578 25%
2018-07-26_17:22:06 1 /media/ankun/华为手机助手 7 0 100%
2018-07-26_17:22:06 0 disk 41481 29578 29%
2018-07-26_17:22:06 1 / 41474 29578 25%
2018-07-26_17:22:06 1 /media/ankun/华为手机助手 7 0 100%
2018-07-26_17:22:06 0 disk 41481 29578 29%
2018-07-26_17:22:06 1 / 41474 29578 25%
2018-07-26_17:22:06 1 /media/ankun/华为手机助手 7 0 100%
2018-07-26_17:22:06 0 disk 41481 29578 29%
2018-07-26_17:22:06 1 / 41474 29578 25%
2018-07-26_17:22:06 1 /media/ankun/华为手机助手 7 0 100%
2018-07-26_17:22:06 0 disk 41481 29578 29%
2018-07-26_17:22:06 1 / 41474 29578 25%
2018-07-26_17:22:06 1 /media/ankun/华为手机助手 7 0 100%
2018-07-26_17:22:06 0 disk 41481 29578 29%
2018-07-26_17:22:06 1 / 41474 29578 25%
2018-07-26_17:22:06 1 /media/ankun/华为手机助手 7 0 100%
2018-07-26_17:22:06 0 disk 41481 29578 29%
2018-07-26_17:22:06 1 / 41474 29578 25%
2018-07-26_17:22:06 1 /media/ankun/华为手机助手 7 0 100%
2018-07-26_17:22:06 0 disk 41481 29578 29%
2018-07-26_17:22:06 1 / 41474 29578 25%
2018-07-26_17:22:06 1 /media/ankun/华为手机助手 7 0 100%
2018-07-26_17:22:06 0 disk 41481 29578 29%
2018-07-26_17:22:06 1 / 41474 29578 25%
2018-07-26_17:22:06 1 /media/ankun/华为手机助手 7 0 100%
2018-07-26_17:22:06 0 disk 41481 29578 29%
2018-07-26_17:22:26 1 / 41474 29577 25%
2018-07-26_17:22:26 1 /media/ankun/华为手机助手 7 0 100%
2018-07-26_17:22:26 0 disk 41481 29577 29%
2018-07-26_17:22:26 1 / 41474 29577 25%
2018-07-26_17:22:26 1 /media/ankun/华为手机助手 7 0 100%
2018-07-26_17:22:26 0 disk 41481 29577 29%
2018-07-26_17:22:26 1 / 41474 29577 25%
2018-07-26_17:22:26 1 /media/ankun/华为手机助手 7 0 100%
2018-07-26_17:22:26 0 disk 41481 29577 29%
2018-07-26_17:22:26 1 / 41474 29577 25%
2018-07-26_17:22:26 1 /media/ankun/华为手机助手 7 0 100%
2018-07-26_17:22:26 0 disk 41481 29577 29%
2018-07-26_17:22:26 1 / 41474 29577 25%
2018-07-26_17:22:26 1 /media/ankun/华为手机助手 7 0 100%
2018-07-26_17:22:26 0 disk 41481 29577 29%
2018-07-26_17:22:26 1 / 41474 29577 25%
2018-07-26_17:22:26 1 /media/ankun/华为手机助手 7 0 100%
2018-07-26_17:22:26 0 disk 41481 29577 29%
2018-07-26_17:22:26 1 / 41474 29577 25%
2018-07-26_17:22:26 1 /media/ankun/华为手机助手 7 0 100%
2018-07-26_17:22:26 0 disk 41481 29577 29%
2018-07-26_17:22:26 1 / 41474 29577 25%
2018-07-26_17:22:26 1 /media/ankun/华为手机助手 7 0 100%
2018-07-26_17:22:26 0 disk 41481 29577 29%
2018-07-26_17:22:26 1 / 41474 29577 25%
2018-07-26_17:22:26 1 /media/ankun/华为手机助手 7 0 100%
2018-07-26_17:22:26 0 disk 41481 29577 29%
2018-07-26_17:22:26 1 / 41474 29577 25%
2018-07-26_17:22:26 1 /media/ankun/华为手机助手 7 0 100%
2018-07-26_17:22:26 0 disk 41481 29577 29%
2018-07-26_17:22:26 1 / 41474 29577 25%
2018-07-26_17:22:26 1 /media/ankun/华为手机助手 7 0 100%
2018-07-26_17:22:26 0 disk 41481 29577 29%
2018-07-26_17:22:26 1 / 41474 29577 25%
2018-07-26_17:22:26 1 /media/ankun/华为手机助手 7 0 100%
2018-07-26_17:22:26 0 disk 41481 29577 29%
2018-07-26_17:22:46 1 / 41474 29577 25%
2018-07-26_17:22:46 1 /media/ankun/华为手机助手 7 0 100%
2018-07-26_17:22:46 0 disk 41481 29577 29%
2018-07-26_17:22:46 1 / 41474 29577 25%
2018-07-26_17:22:46 1 /media/ankun/华为手机助手 7 0 100%
2018-07-26_17:22:46 0 disk 41481 29577 29%
2018-07-26_17:22:46 1 / 41474 29577 25%
2018-07-26_17:22:46 1 /media/ankun/华为手机助手 7 0 100%
2018-07-26_17:22:46 0 disk 41481 29577 29%
2018-07-26_17:22:46 1 / 41474 29577 25%
2018-07-26_17:22:46 1 /media/ankun/华为手机助手 7 0 100%
2018-07-26_17:22:46 0 disk 41481 29577 29%
2018-07-26_17:22:46 1 / 41474 29577 25%
2018-07-26_17:22:46 1 /media/ankun/华为手机助手 7 0 100%
2018-07-26_17:22:46 0 disk 41481 29577 29%
2018-07-26_17:22:46 1 / 41474 29577 25%
2018-07-26_17:22:46 1 /media/ankun/华为手机助手 7 0 100%
2018-07-26_17:22:46 0 disk 41481 29577 29%
2018-07-26_17:22:46 1 / 41474 29577 25%
2018-07-26_17:22:46 1 /media/ankun/华为手机助手 7 0 100%
2018-07-26_17:22:46 0 disk 41481 29577 29%
2018-07-26_17:22:46 1 / 41474 29577 25%
2018-07-26_17:22:46 1 /media/ankun/华为手机助手 7 0 100%
2018-07-26_17:22:46 0 disk 41481 29577 29%
2018-07-26_17:22:46 1 / 41474 29577 25%
2018-07-26_17:22:46 1 /media/ankun/华为手机助手 7 0 100%
2018-07-26_17:22:46 0 disk 41481 29577 29%
2018-07-26_17:22:46 1 / 41474 29577 25%
2018-07-26_17:22:46 1 /media/ankun/华为手机助手 7 0 100%
2018-07-26_17:22:46 0 disk 41481 29577 29%
2018-07-26_17:22:46 1 / 41474 29577 25%
2018-07-26_17:22:46 1 /media/ankun/华为手机助手 7 0 100%
2018-07-26_17:22:46 0 disk 41481 29577 29%
2018-07-26_17:22:46 1 / 41474 29577 25%
2018-07-26_17:22:46 1 /media/ankun/华为手机助手 7 0 100%
2018-07-26_17:22:46 0 disk 41481 29577 29%
2018-07-26_17:23:06 1 / 41474 29577 25%
2018-07-26_17:23:06 1 /media/ankun/华为手机助手 7 0 100%
2018-07-26_17:23:06 0 disk 41481 29577 29%
2018-07-26_17:23:06 1 / 41474 29577 25%
2018-07-26_17:23:06 1 /media/ankun/华为手机助手 7 0 100%
2018-07-26_17:23:06 0 disk 41481 29577 29%
2018-07-26_17:23:06 1 / 41474 29577 25%
2018-07-26_17:23:06 1 /media/ankun/华为手机助手 7 0 100%
2018-07-26_17:23:06 0 disk 41481 29577 29%
2018-07-26_17:23:06 1 / 41474 29577 25%
2018-07-26_17:23:06 1 /media/ankun/华为手机助手 7 0 100%
2018-07-26_17:23:06 0 disk 41481 29577 29%
2018-07-26_17:23:06 1 / 41474 29577 25%
2018-07-26_17:23:06 1 /media/ankun/华为手机助手 7 0 100%
2018-07-26_17:23:06 0 disk 41481 29577 29%
2018-07-26_17:23:06 1 / 41474 29577 25%
2018-07-26_17:23:06 1 /media/ankun/华为手机助手 7 0 100%
2018-07-26_17:23:06 0 disk 41481 29577 29%
2018-07-26_17:23:06 1 / 41474 29577 25%
2018-07-26_17:23:06 1 /media/ankun/华为手机助手 7 0 100%
2018-07-26_17:23:06 0 disk 41481 29577 29%
2018-07-26_17:23:06 1 / 41474 29577 25%
2018-07-26_17:23:06 1 /media/ankun/华为手机助手 7 0 100%
2018-07-26_17:23:06 0 disk 41481 29577 29%
2018-07-26_17:23:06 1 / 41474 29577 25%
2018-07-26_17:23:06 1 /media/ankun/华为手机助手 7 0 100%
2018-07-26_17:23:06 0 disk 41481 29577 29%
2018-07-26_17:23:06 1 / 41474 29577 25%
2018-07-26_17:23:06 1 /media/ankun/华为手机助手 7 0 100%
2018-07-26_17:23:06 0 disk 41481 29577 29%
2018-07-26_17:23:06 1 / 41474 29577 25%
2018-07-26_17:23:06 1 /media/ankun/华为手机助手 7 0 100%
2018-07-26_17:23:06 0 disk 41481 29577 29%
2018-07-26_17:23:06 1 / 41474 29577 25%
2018-07-26_17:23:06 1 /media/ankun/华为手机助手 7 0 100%
2018-07-26_17:23:06 0 disk 41481 29577 29%
2018-07-26_17:23:26 1 / 41474 29577 25%
2018-07-26_17:23:26 1 /media/ankun/华为手机助手 7 0 100%
2018-07-26_17:23:26 0 disk 41481 29577 29%
2018-07-26_17:23:26 1 / 41474 29577 25%
2018-07-26_17:23:26 1 /media/ankun/华为手机助手 7 0 100%
2018-07-26_17:23:26 0 disk 41481 29577 29%
2018-07-26_17:23:26 1 / 41474 29577 25%
2018-07-26_17:23:26 1 /media/ankun/华为手机助手 7 0 100%
2018-07-26_17:23:26 0 disk 41481 29577 29%
2018-07-26_17:23:26 1 / 41474 29577 25%
2018-07-26_17:23:26 1 /media/ankun/华为手机助手 7 0 100%
2018-07-26_17:23:26 0 disk 41481 29577 29%
2018-07-26_17:23:26 1 / 41474 29577 25%
2018-07-26_17:23:26 1 /media/ankun/华为手机助手 7 0 100%
2018-07-26_17:23:26 0 disk 41481 29577 29%
2018-07-26_17:23:26 1 / 41474 29577 25%
2018-07-26_17:23:26 1 /media/ankun/华为手机助手 7 0 100%
2018-07-26_17:23:26 0 disk 41481 29577 29%
2018-07-26_17:23:26 1 / 41474 29577 25%
2018-07-26_17:23:26 1 /media/ankun/华为手机助手 7 0 100%
2018-07-26_17:23:26 0 disk 41481 29577 29%
2018-07-26_17:23:26 1 / 41474 29577 25%
2018-07-26_17:23:26 1 /media/ankun/华为手机助手 7 0 100%
2018-07-26_17:23:26 0 disk 41481 29577 29%
2018-07-26_17:23:26 1 / 41474 29577 25%
2018-07-26_17:23:26 1 /media/ankun/华为手机助手 7 0 100%
2018-07-26_17:23:26 0 disk 41481 29577 29%
2018-07-26_17:23:26 1 / 41474 29577 25%
2018-07-26_17:23:26 1 /media/ankun/华为手机助手 7 0 100%
2018-07-26_17:23:26 0 disk 41481 29577 29%
2018-07-26_17:23:26 1 / 41474 29577 25%
2018-07-26_17:23:26 1 /media/ankun/华为手机助手 7 0 100%
2018-07-26_17:23:26 0 disk 41481 29577 29%
2018-07-26_17:23:26 1 / 41474 29577 25%
2018-07-26_17:23:26 1 /media/ankun/华为手机助手 7 0 100%
2018-07-26_17:23:26 0 disk 41481 29577 29%
2018-07-26_17:23:46 1 / 41474 29577 25%
2018-07-26_17:23:46 1 /media/ankun/华为手机助手 7 0 100%
2018-07-26_17:23:46 0 disk 41481 29577 29%
2018-07-26_17:23:46 1 / 41474 29577 25%
2018-07-26_17:23:46 1 /media/ankun/华为手机助手 7 0 100%
2018-07-26_17:23:46 0 disk 41481 29577 29%
2018-07-26_17:23:46 1 / 41474 29577 25%
2018-07-26_17:23:46 1 /media/ankun/华为手机助手 7 0 100%
2018-07-26_17:23:46 0 disk 41481 29577 29%
2018-07-26_17:23:46 1 / 41474 29577 25%
2018-07-26_17:23:46 1 /media/ankun/华为手机助手 7 0 100%
2018-07-26_17:23:46 0 disk 41481 29577 29%
2018-07-26_17:23:46 1 / 41474 29577 25%
2018-07-26_17:23:46 1 /media/ankun/华为手机助手 7 0 100%
2018-07-26_17:23:46 0 disk 41481 29577 29%
2018-07-26_17:23:46 1 / 41474 29577 25%
2018-07-26_17:23:46 1 /media/ankun/华为手机助手 7 0 100%
2018-07-26_17:23:46 0 disk 41481 29577 29%
2018-07-26_17:23:46 1 / 41474 29577 25%
2018-07-26_17:23:46 1 /media/ankun/华为手机助手 7 0 100%
2018-07-26_17:23:46 0 disk 41481 29577 29%
2018-07-26_17:23:46 1 / 41474 29577 25%
2018-07-26_17:23:46 1 /media/ankun/华为手机助手 7 0 100%
2018-07-26_17:23:46 0 disk 41481 29577 29%
2018-07-26_17:23:46 1 / 41474 29577 25%
2018-07-26_17:23:46 1 /media/ankun/华为手机助手 7 0 100%
2018-07-26_17:23:46 0 disk 41481 29577 29%
2018-07-26_17:23:46 1 / 41474 29577 25%
2018-07-26_17:23:46 1 /media/ankun/华为手机助手 7 0 100%
2018-07-26_17:23:46 0 disk 41481 29577 29%
2018-07-26_17:23:46 1 / 41474 29577 25%
2018-07-26_17:23:46 1 /media/ankun/华为手机助手 7 0 100%
2018-07-26_17:23:46 0 disk 41481 29577 29%
2018-07-26_17:23:46 1 / 41474 29577 25%
2018-07-26_17:23:46 1 /media/ankun/华为手机助手 7 0 100%
2018-07-26_17:23:46 0 disk 41481 29577 29%
2018-07-26_17:24:06 1 / 41474 29577 25%
2018-07-26_17:24:06 1 /media/ankun/华为手机助手 7 0 100%
2018-07-26_17:24:06 0 disk 41481 29577 29%
2018-07-26_17:24:06 1 / 41474 29577 25%
2018-07-26_17:24:06 1 /media/ankun/华为手机助手 7 0 100%
2018-07-26_17:24:06 0 disk 41481 29577 29%
2018-07-26_17:24:06 1 / 41474 29577 25%
2018-07-26_17:24:06 1 /media/ankun/华为手机助手 7 0 100%
2018-07-26_17:24:06 0 disk 41481 29577 29%
2018-07-26_17:24:06 1 / 41474 29577 25%
2018-07-26_17:24:06 1 /media/ankun/华为手机助手 7 0 100%
2018-07-26_17:24:06 0 disk 41481 29577 29%
2018-07-26_17:24:06 1 / 41474 29577 25%
2018-07-26_17:24:06 1 /media/ankun/华为手机助手 7 0 100%
2018-07-26_17:24:06 0 disk 41481 29577 29%
2018-07-26_17:24:06 1 / 41474 29577 25%
2018-07-26_17:24:06 1 /media/ankun/华为手机助手 7 0 100%
2018-07-26_17:24:06 0 disk 41481 29577 29%
2018-07-26_17:24:07 1 / 41474 29577 25%
2018-07-26_17:24:07 1 /media/ankun/华为手机助手 7 0 100%
2018-07-26_17:24:07 0 disk 41481 29577 29%
2018-07-26_17:24:07 1 / 41474 29577 25%
2018-07-26_17:24:07 1 /media/ankun/华为手机助手 7 0 100%
2018-07-26_17:24:07 0 disk 41481 29577 29%
2018-07-26_17:24:07 1 / 41474 29577 25%
2018-07-26_17:24:07 1 /media/ankun/华为手机助手 7 0 100%
2018-07-26_17:24:07 0 disk 41481 29577 29%
2018-07-26_17:24:07 1 / 41474 29577 25%
2018-07-26_17:24:07 1 /media/ankun/华为手机助手 7 0 100%
2018-07-26_17:24:07 0 disk 41481 29577 29%
2018-07-26_17:24:07 1 / 41474 29577 25%
2018-07-26_17:24:07 1 /media/ankun/华为手机助手 7 0 100%
2018-07-26_17:24:07 0 disk 41481 29577 29%
2018-07-26_17:24:07 1 / 41474 29577 25%
2018-07-26_17:24:07 1 /media/ankun/华为手机助手 7 0 100%
2018-07-26_17:24:07 0 disk 41481 29577 29%
