17:21:48-07-26__17:21:48 3865 1302 .49 .490
17:21:50-07-26__17:21:50 3865 1266 .49 .490
17:21:52-07-26__17:21:52 3865 1283 .49 .490
17:21:54-07-26__17:21:54 3865 1296 .49 .490
17:21:56-07-26__17:21:56 3865 1261 .49 .490
17:21:58-07-26__17:21:58 3865 1284 .49 .490
17:22:00-07-26__17:22:00 3865 1300 .49 .490
17:22:02-07-26__17:22:02 3865 1300 .49 .490
17:22:04-07-26__17:22:04 3865 1302 .49 .490
17:22:06-07-26__17:22:06 3865 1304 .49 .490
17:22:08-07-26__17:22:08 3865 1301 .49 .490
17:22:10-07-26__17:22:10 3865 1294 .49 .490
17:22:32-07-26__17:22:32 3865 1302 .49 .490
17:22:34-07-26__17:22:34 3865 1302 .49 .490
17:22:36-07-26__17:22:36 3865 1295 .49 .490
17:22:38-07-26__17:22:38 3865 1299 .49 .490
17:22:40-07-26__17:22:40 3865 1294 .49 .490
17:22:42-07-26__17:22:42 3865 1294 .49 .490
17:22:44-07-26__17:22:44 3865 1294 .49 .490
17:22:46-07-26__17:22:46 3865 1297 .49 .490
17:22:48-07-26__17:22:48 3865 1294 .49 .490
17:22:50-07-26__17:22:50 3865 1295 .49 .490
17:22:52-07-26__17:22:52 3865 1295 .49 .490
17:22:54-07-26__17:22:54 3865 1286 .49 .490
17:23:16-07-26__17:23:16 3865 1303 .49 .490
17:23:18-07-26__17:23:18 3865 1294 .49 .490
17:23:20-07-26__17:23:20 3865 1294 .49 .490
17:23:22-07-26__17:23:22 3865 1302 .49 .490
17:23:24-07-26__17:23:24 3865 1290 .49 .490
17:23:26-07-26__17:23:26 3865 1298 .49 .490
17:23:28-07-26__17:23:28 3865 1299 .49 .490
17:23:30-07-26__17:23:30 3865 1283 .49 .490
17:23:32-07-26__17:23:32 3865 1303 .49 .490
17:23:34-07-26__17:23:34 3865 1295 .49 .490
17:23:36-07-26__17:23:36 3865 1291 .49 .490
17:23:38-07-26__17:23:38 3865 1299 .49 .490
