2018-07-27_16:16:08 1 / 29899 15505 46%
2018-07-27_16:16:08 1 /boot 42 21 51%
2018-07-27_16:16:08 0 disk 29941 15526 49%
2018-07-27_16:16:08 1 / 29899 15505 46%
2018-07-27_16:16:08 1 /boot 42 21 51%
2018-07-27_16:16:08 0 disk 29941 15526 49%
2018-07-27_16:16:08 1 / 29899 15505 46%
2018-07-27_16:16:08 1 /boot 42 21 51%
2018-07-27_16:16:08 0 disk 29941 15526 49%
2018-07-27_16:16:08 1 / 29899 15505 46%
2018-07-27_16:16:08 1 /boot 42 21 51%
2018-07-27_16:16:08 0 disk 29941 15526 49%
2018-07-27_16:16:08 1 / 29899 15505 46%
2018-07-27_16:16:08 1 /boot 42 21 51%
2018-07-27_16:16:08 0 disk 29941 15526 49%
2018-07-27_16:16:08 1 / 29899 15505 46%
2018-07-27_16:16:08 1 /boot 42 21 51%
2018-07-27_16:16:08 0 disk 29941 15526 49%
2018-07-27_16:16:08 1 / 29899 15505 46%
2018-07-27_16:16:08 1 /boot 42 21 51%
2018-07-27_16:16:08 0 disk 29941 15526 49%
2018-07-27_16:16:08 1 / 29899 15505 46%
2018-07-27_16:16:08 1 /boot 42 21 51%
2018-07-27_16:16:08 0 disk 29941 15526 49%
2018-07-27_16:16:08 1 / 29899 15505 46%
2018-07-27_16:16:08 1 /boot 42 21 51%
2018-07-27_16:16:08 0 disk 29941 15526 49%
2018-07-27_16:16:08 1 / 29899 15505 46%
2018-07-27_16:16:08 1 /boot 42 21 51%
2018-07-27_16:16:08 0 disk 29941 15526 49%
2018-07-27_16:16:09 1 / 29899 15505 46%
2018-07-27_16:16:09 1 /boot 42 21 51%
2018-07-27_16:16:09 0 disk 29941 15526 49%
2018-07-27_16:16:09 1 / 29899 15505 46%
2018-07-27_16:16:09 1 /boot 42 21 51%
2018-07-27_16:16:09 0 disk 29941 15526 49%
2018-07-27_16:16:29 1 / 29899 15505 46%
2018-07-27_16:16:29 1 /boot 42 21 51%
2018-07-27_16:16:29 0 disk 29941 15526 49%
2018-07-27_16:16:29 1 / 29899 15505 46%
2018-07-27_16:16:29 1 /boot 42 21 51%
2018-07-27_16:16:29 0 disk 29941 15526 49%
2018-07-27_16:16:29 1 / 29899 15505 46%
2018-07-27_16:16:29 1 /boot 42 21 51%
2018-07-27_16:16:29 0 disk 29941 15526 49%
2018-07-27_16:16:29 1 / 29899 15505 46%
2018-07-27_16:16:29 1 /boot 42 21 51%
2018-07-27_16:16:29 0 disk 29941 15526 49%
2018-07-27_16:16:29 1 / 29899 15505 46%
2018-07-27_16:16:29 1 /boot 42 21 51%
2018-07-27_16:16:29 0 disk 29941 15526 49%
2018-07-27_16:16:29 1 / 29899 15505 46%
2018-07-27_16:16:29 1 /boot 42 21 51%
2018-07-27_16:16:29 0 disk 29941 15526 49%
2018-07-27_16:16:29 1 / 29899 15505 46%
2018-07-27_16:16:29 1 /boot 42 21 51%
2018-07-27_16:16:29 0 disk 29941 15526 49%
2018-07-27_16:16:29 1 / 29899 15505 46%
2018-07-27_16:16:29 1 /boot 42 21 51%
2018-07-27_16:16:29 0 disk 29941 15526 49%
2018-07-27_16:16:29 1 / 29899 15505 46%
2018-07-27_16:16:29 1 /boot 42 21 51%
2018-07-27_16:16:29 0 disk 29941 15526 49%
2018-07-27_16:16:29 1 / 29899 15505 46%
2018-07-27_16:16:29 1 /boot 42 21 51%
2018-07-27_16:16:29 0 disk 29941 15526 49%
2018-07-27_16:16:29 1 / 29899 15505 46%
2018-07-27_16:16:29 1 /boot 42 21 51%
2018-07-27_16:16:29 0 disk 29941 15526 49%
2018-07-27_16:16:29 1 / 29899 15505 46%
2018-07-27_16:16:29 1 /boot 42 21 51%
2018-07-27_16:16:29 0 disk 29941 15526 49%
2018-07-27_16:16:49 1 / 29899 15505 46%
2018-07-27_16:16:49 1 /boot 42 21 51%
2018-07-27_16:16:49 0 disk 29941 15526 49%
2018-07-27_16:16:49 1 / 29899 15505 46%
2018-07-27_16:16:49 1 /boot 42 21 51%
2018-07-27_16:16:49 0 disk 29941 15526 49%
2018-07-27_16:16:49 1 / 29899 15505 46%
2018-07-27_16:16:49 1 /boot 42 21 51%
2018-07-27_16:16:49 0 disk 29941 15526 49%
2018-07-27_16:16:49 1 / 29899 15505 46%
2018-07-27_16:16:49 1 /boot 42 21 51%
2018-07-27_16:16:49 0 disk 29941 15526 49%
2018-07-27_16:16:49 1 / 29899 15505 46%
2018-07-27_16:16:49 1 /boot 42 21 51%
2018-07-27_16:16:49 0 disk 29941 15526 49%
2018-07-27_16:16:49 1 / 29899 15505 46%
2018-07-27_16:16:49 1 /boot 42 21 51%
2018-07-27_16:16:49 0 disk 29941 15526 49%
2018-07-27_16:16:49 1 / 29899 15505 46%
2018-07-27_16:16:49 1 /boot 42 21 51%
2018-07-27_16:16:49 0 disk 29941 15526 49%
2018-07-27_16:16:49 1 / 29899 15505 46%
2018-07-27_16:16:49 1 /boot 42 21 51%
2018-07-27_16:16:49 0 disk 29941 15526 49%
2018-07-27_16:16:49 1 / 29899 15505 46%
2018-07-27_16:16:49 1 /boot 42 21 51%
2018-07-27_16:16:49 0 disk 29941 15526 49%
2018-07-27_16:16:49 1 / 29899 15505 46%
2018-07-27_16:16:49 1 /boot 42 21 51%
2018-07-27_16:16:49 0 disk 29941 15526 49%
2018-07-27_16:16:49 1 / 29899 15505 46%
2018-07-27_16:16:49 1 /boot 42 21 51%
2018-07-27_16:16:49 0 disk 29941 15526 49%
2018-07-27_16:16:49 1 / 29899 15505 46%
2018-07-27_16:16:49 1 /boot 42 21 51%
2018-07-27_16:16:49 0 disk 29941 15526 49%
2018-07-27_16:17:09 1 / 29899 15505 46%
2018-07-27_16:17:09 1 /boot 42 21 51%
2018-07-27_16:17:09 0 disk 29941 15526 49%
2018-07-27_16:17:09 1 / 29899 15505 46%
2018-07-27_16:17:09 1 /boot 42 21 51%
2018-07-27_16:17:09 0 disk 29941 15526 49%
2018-07-27_16:17:10 1 / 29899 15505 46%
2018-07-27_16:17:10 1 /boot 42 21 51%
2018-07-27_16:17:10 0 disk 29941 15526 49%
2018-07-27_16:17:10 1 / 29899 15505 46%
2018-07-27_16:17:10 1 /boot 42 21 51%
2018-07-27_16:17:10 0 disk 29941 15526 49%
2018-07-27_16:17:10 1 / 29899 15505 46%
2018-07-27_16:17:10 1 /boot 42 21 51%
2018-07-27_16:17:10 0 disk 29941 15526 49%
2018-07-27_16:17:10 1 / 29899 15505 46%
2018-07-27_16:17:10 1 /boot 42 21 51%
2018-07-27_16:17:10 0 disk 29941 15526 49%
2018-07-27_16:17:10 1 / 29899 15505 46%
2018-07-27_16:17:10 1 /boot 42 21 51%
2018-07-27_16:17:10 0 disk 29941 15526 49%
2018-07-27_16:17:10 1 / 29899 15505 46%
2018-07-27_16:17:10 1 /boot 42 21 51%
2018-07-27_16:17:10 0 disk 29941 15526 49%
2018-07-27_16:17:10 1 / 29899 15505 46%
2018-07-27_16:17:10 1 /boot 42 21 51%
2018-07-27_16:17:10 0 disk 29941 15526 49%
2018-07-27_16:17:10 1 / 29899 15505 46%
2018-07-27_16:17:10 1 /boot 42 21 51%
2018-07-27_16:17:10 0 disk 29941 15526 49%
2018-07-27_16:17:10 1 / 29899 15505 46%
2018-07-27_16:17:10 1 /boot 42 21 51%
2018-07-27_16:17:10 0 disk 29941 15526 49%
2018-07-27_16:17:10 1 / 29899 15505 46%
2018-07-27_16:17:10 1 /boot 42 21 51%
2018-07-27_16:17:10 0 disk 29941 15526 49%
018-07-27_16:17:30 1 /boot 42 21 51%
2018-07-27_16:17:30 0 disk 29941 15526 49%
2018-07-27_16:17:30 1 / 29899 15505 46%
2018-07-27_16:17:30 1 /boot 42 21 51%
2018-07-27_16:17:30 0 disk 29941 15526 49%
2018-07-27_16:17:30 1 / 29899 15505 46%
2018-07-27_16:17:30 1 /boot 42 21 51%
2018-07-27_16:17:30 0 disk 29941 15526 49%
2018-07-27_16:17:30 1 / 29899 15505 46%
2018-07-27_16:17:30 1 /boot 42 21 51%
2018-07-27_16:17:30 0 disk 29941 15526 49%
2018-07-27_16:17:30 1 / 29899 15505 46%
2018-07-27_16:17:30 1 /boot 42 21 51%
2018-07-27_16:17:30 0 disk 29941 15526 49%
2018-07-27_16:17:30 1 / 29899 15505 46%
2018-07-27_16:17:30 1 /boot 42 21 51%
2018-07-27_16:17:30 0 disk 29941 15526 49%
2018-07-27_16:17:30 1 / 29899 15505 46%
2018-07-27_16:17:30 1 /boot 42 21 51%
2018-07-27_16:17:30 0 disk 29941 15526 49%
2018-07-27_16:17:30 1 / 29899 15505 46%
2018-07-27_16:17:30 1 /boot 42 21 51%
2018-07-27_16:17:30 0 disk 29941 15526 49%
2018-07-27_16:17:30 1 / 29899 15505 46%
2018-07-27_16:17:30 1 /boot 42 21 51%
2018-07-27_16:17:30 0 disk 29941 15526 49%
2018-07-27_16:17:30 1 / 29899 15505 46%
2018-07-27_16:17:30 1 /boot 42 21 51%
2018-07-27_16:17:30 0 disk 29941 15526 49%
2018-07-27_16:17:30 1 / 29899 15505 46%
2018-07-27_16:17:30 1 /boot 42 21 51%
2018-07-27_16:17:30 0 disk 29941 15526 49%
2018-07-27_16:17:30 1 / 29899 15505 46%
2018-07-27_16:17:30 1 /boot 42 21 51%
2018-07-27_16:17:30 0 disk 29941 15526 49%
2018-07-27_16:17:50 1 / 29899 15505 46%
2018-07-27_16:17:50 1 /boot 42 21 51%
2018-07-27_16:17:50 0 disk 29941 15526 49%
2018-07-27_16:17:50 1 / 29899 15505 46%
2018-07-27_16:17:50 1 /boot 42 21 51%
2018-07-27_16:17:50 0 disk 29941 15526 49%
2018-07-27_16:17:50 1 / 29899 15505 46%
2018-07-27_16:17:50 1 /boot 42 21 51%
2018-07-27_16:17:50 0 disk 29941 15526 49%
2018-07-27_16:17:50 1 / 29899 15505 46%
2018-07-27_16:17:50 1 /boot 42 21 51%
2018-07-27_16:17:50 0 disk 29941 15526 49%
2018-07-27_16:17:50 1 / 29899 15505 46%
2018-07-27_16:17:50 1 /boot 42 21 51%
2018-07-27_16:17:50 0 disk 29941 15526 49%
2018-07-27_16:17:50 1 / 29899 15505 46%
2018-07-27_16:17:50 1 /boot 42 21 51%
2018-07-27_16:17:50 0 disk 29941 15526 49%
2018-07-27_16:17:51 1 / 29899 15505 46%
2018-07-27_16:17:51 1 /boot 42 21 51%
2018-07-27_16:17:51 0 disk 29941 15526 49%
2018-07-27_16:17:51 1 / 29899 15505 46%
2018-07-27_16:17:51 1 /boot 42 21 51%
2018-07-27_16:17:51 0 disk 29941 15526 49%
2018-07-27_16:17:51 1 / 29899 15505 46%
2018-07-27_16:17:51 1 /boot 42 21 51%
2018-07-27_16:17:51 0 disk 29941 15526 49%
2018-07-27_16:17:51 1 / 29899 15505 46%
2018-07-27_16:17:51 1 /boot 42 21 51%
2018-07-27_16:17:51 0 disk 29941 15526 49%
2018-07-27_16:17:51 1 / 29899 15505 46%
2018-07-27_16:17:51 1 /boot 42 21 51%
2018-07-27_16:17:51 0 disk 29941 15526 49%
2018-07-27_16:17:51 1 / 29899 15505 46%
2018-07-27_16:17:51 1 /boot 42 21 51%
2018-07-27_16:17:51 0 disk 29941 15526 49%
2018-07-27_16:18:11 1 / 29899 15505 46%
2018-07-27_16:18:11 1 /boot 42 21 51%
2018-07-27_16:18:11 0 disk 29941 15526 49%
2018-07-27_16:18:11 1 / 29899 15505 46%
2018-07-27_16:18:11 1 /boot 42 21 51%
2018-07-27_16:18:11 0 disk 29941 15526 49%
2018-07-27_16:18:11 1 / 29899 15505 46%
2018-07-27_16:18:11 1 /boot 42 21 51%
2018-07-27_16:18:11 0 disk 29941 15526 49%
2018-07-27_16:18:11 1 / 29899 15505 46%
2018-07-27_16:18:11 1 /boot 42 21 51%
2018-07-27_16:18:11 0 disk 29941 15526 49%
2018-07-27_16:18:11 1 / 29899 15505 46%
2018-07-27_16:18:11 1 /boot 42 21 51%
2018-07-27_16:18:11 0 disk 29941 15526 49%
2018-07-27_16:18:11 1 / 29899 15505 46%
2018-07-27_16:18:11 1 /boot 42 21 51%
2018-07-27_16:18:11 0 disk 29941 15526 49%
2018-07-27_16:18:11 1 / 29899 15505 46%
2018-07-27_16:18:11 1 /boot 42 21 51%
2018-07-27_16:18:11 0 disk 29941 15526 49%
2018-07-27_16:18:11 1 / 29899 15505 46%
2018-07-27_16:18:11 1 /boot 42 21 51%
2018-07-27_16:18:11 0 disk 29941 15526 49%
2018-07-27_16:18:11 1 / 29899 15505 46%
2018-07-27_16:18:11 1 /boot 42 21 51%
2018-07-27_16:18:11 0 disk 29941 15526 49%
2018-07-27_16:18:11 1 / 29899 15505 46%
2018-07-27_16:18:11 1 /boot 42 21 51%
2018-07-27_16:18:11 0 disk 29941 15526 49%
2018-07-27_16:18:11 1 / 29899 15505 46%
2018-07-27_16:18:11 1 /boot 42 21 51%
2018-07-27_16:18:11 0 disk 29941 15526 49%
2018-07-27_16:18:11 1 / 29899 15505 46%
2018-07-27_16:18:11 1 /boot 42 21 51%
2018-07-27_16:18:11 0 disk 29941 15526 49%
2018-07-27_16:18:31 1 / 29899 15505 46%
2018-07-27_16:18:31 1 /boot 42 21 51%
2018-07-27_16:18:31 0 disk 29941 15526 49%
2018-07-27_16:18:31 1 / 29899 15505 46%
2018-07-27_16:18:31 1 /boot 42 21 51%
2018-07-27_16:18:31 0 disk 29941 15526 49%
2018-07-27_16:18:31 1 / 29899 15505 46%
2018-07-27_16:18:31 1 /boot 42 21 51%
2018-07-27_16:18:31 0 disk 29941 15526 49%
2018-07-27_16:18:31 1 / 29899 15505 46%
2018-07-27_16:18:31 1 /boot 42 21 51%
2018-07-27_16:18:31 0 disk 29941 15526 49%
2018-07-27_16:18:31 1 / 29899 15505 46%
2018-07-27_16:18:31 1 /boot 42 21 51%
2018-07-27_16:18:31 0 disk 29941 15526 49%
2018-07-27_16:18:32 1 / 29899 15505 46%
2018-07-27_16:18:32 1 /boot 42 21 51%
2018-07-27_16:18:32 0 disk 29941 15526 49%
2018-07-27_16:18:32 1 / 29899 15505 46%
2018-07-27_16:18:32 1 /boot 42 21 51%
2018-07-27_16:18:32 0 disk 29941 15526 49%
2018-07-27_16:18:32 1 / 29899 15505 46%
2018-07-27_16:18:32 1 /boot 42 21 51%
2018-07-27_16:18:32 0 disk 29941 15526 49%
2018-07-27_16:18:32 1 / 29899 15505 46%
2018-07-27_16:18:32 1 /boot 42 21 51%
2018-07-27_16:18:32 0 disk 29941 15526 49%
2018-07-27_16:18:32 1 / 29899 15505 46%
2018-07-27_16:18:32 1 /boot 42 21 51%
2018-07-27_16:18:32 0 disk 29941 15526 49%
2018-07-27_16:18:32 1 / 29899 15505 46%
2018-07-27_16:18:32 1 /boot 42 21 51%
2018-07-27_16:18:32 0 disk 29941 15526 49%
2018-07-27_16:18:32 1 / 29899 15505 46%
2018-07-27_16:18:32 1 /boot 42 21 51%
2018-07-27_16:18:32 0 disk 29941 15526 49%
2018-07-27_16:18:52 1 / 29899 15505 46%
2018-07-27_16:18:52 1 /boot 42 21 51%
2018-07-27_16:18:52 0 disk 29941 15526 49%
2018-07-27_16:18:52 1 / 29899 15505 46%
2018-07-27_16:18:52 1 /boot 42 21 51%
2018-07-27_16:18:52 0 disk 29941 15526 49%
2018-07-27_16:18:52 1 / 29899 15505 46%
2018-07-27_16:18:52 1 /boot 42 21 51%
2018-07-27_16:18:52 0 disk 29941 15526 49%
2018-07-27_16:18:52 1 / 29899 15505 46%
2018-07-27_16:18:52 1 /boot 42 21 51%
2018-07-27_16:18:52 0 disk 29941 15526 49%
2018-07-27_16:18:52 1 / 29899 15505 46%
2018-07-27_16:18:52 1 /boot 42 21 51%
2018-07-27_16:18:52 0 disk 29941 15526 49%
2018-07-27_16:18:52 1 / 29899 15505 46%
2018-07-27_16:18:52 1 /boot 42 21 51%
2018-07-27_16:18:52 0 disk 29941 15526 49%
2018-07-27_16:18:52 1 / 29899 15505 46%
2018-07-27_16:18:52 1 /boot 42 21 51%
2018-07-27_16:18:52 0 disk 29941 15526 49%
2018-07-27_16:18:52 1 / 29899 15505 46%
2018-07-27_16:18:52 1 /boot 42 21 51%
2018-07-27_16:18:52 0 disk 29941 15526 49%
2018-07-27_16:18:52 1 / 29899 15505 46%
2018-07-27_16:18:52 1 /boot 42 21 51%
2018-07-27_16:18:52 0 disk 29941 15526 49%
2018-07-27_16:18:52 1 / 29899 15505 46%
2018-07-27_16:18:52 1 /boot 42 21 51%
2018-07-27_16:18:52 0 disk 29941 15526 49%
2018-07-27_16:18:52 1 / 29899 15505 46%
2018-07-27_16:18:52 1 /boot 42 21 51%
2018-07-27_16:18:52 0 disk 29941 15526 49%
2018-07-27_16:18:52 1 / 29899 15505 46%
2018-07-27_16:18:52 1 /boot 42 21 51%
2018-07-27_16:18:52 0 disk 29941 15526 49%
2018-07-27_16:19:12 1 / 29899 15505 46%
2018-07-27_16:19:12 1 /boot 42 21 51%
2018-07-27_16:19:12 0 disk 29941 15526 49%
2018-07-27_16:19:12 1 / 29899 15505 46%
2018-07-27_16:19:12 1 /boot 42 21 51%
2018-07-27_16:19:12 0 disk 29941 15526 49%
2018-07-27_16:19:12 1 / 29899 15505 46%
2018-07-27_16:19:12 1 /boot 42 21 51%
2018-07-27_16:19:12 0 disk 29941 15526 49%
2018-07-27_16:19:12 1 / 29899 15505 46%
2018-07-27_16:19:12 1 /boot 42 21 51%
2018-07-27_16:19:12 0 disk 29941 15526 49%
2018-07-27_16:19:12 1 / 29899 15505 46%
2018-07-27_16:19:12 1 /boot 42 21 51%
2018-07-27_16:19:12 0 disk 29941 15526 49%
2018-07-27_16:19:12 1 / 29899 15505 46%
2018-07-27_16:19:12 1 /boot 42 21 51%
2018-07-27_16:19:12 0 disk 29941 15526 49%
2018-07-27_16:19:12 1 / 29899 15505 46%
2018-07-27_16:19:12 1 /boot 42 21 51%
2018-07-27_16:19:12 0 disk 29941 15526 49%
2018-07-27_16:19:13 1 / 29899 15505 46%
2018-07-27_16:19:13 1 /boot 42 21 51%
2018-07-27_16:19:13 0 disk 29941 15526 49%
2018-07-27_16:19:13 1 / 29899 15505 46%
2018-07-27_16:19:13 1 /boot 42 21 51%
2018-07-27_16:19:13 0 disk 29941 15526 49%
2018-07-27_16:19:13 1 / 29899 15505 46%
2018-07-27_16:19:13 1 /boot 42 21 51%
2018-07-27_16:19:13 0 disk 29941 15526 49%
2018-07-27_16:19:13 1 / 29899 15505 46%
2018-07-27_16:19:13 1 /boot 42 21 51%
2018-07-27_16:19:13 0 disk 29941 15526 49%
2018-07-27_16:19:13 1 / 29899 15505 46%
2018-07-27_16:19:13 1 /boot 42 21 51%
2018-07-27_16:19:13 0 disk 29941 15526 49%
2018-07-27_16:19:33 1 / 29899 15505 46%
2018-07-27_16:19:33 1 /boot 42 21 51%
2018-07-27_16:19:33 0 disk 29941 15526 49%
2018-07-27_16:19:33 1 / 29899 15505 46%
2018-07-27_16:19:33 1 /boot 42 21 51%
2018-07-27_16:19:33 0 disk 29941 15526 49%
2018-07-27_16:19:33 1 / 29899 15505 46%
2018-07-27_16:19:33 1 /boot 42 21 51%
2018-07-27_16:19:33 0 disk 29941 15526 49%
2018-07-27_16:19:33 1 / 29899 15505 46%
2018-07-27_16:19:33 1 /boot 42 21 51%
2018-07-27_16:19:33 0 disk 29941 15526 49%
2018-07-27_16:19:33 1 / 29899 15505 46%
2018-07-27_16:19:33 1 /boot 42 21 51%
2018-07-27_16:19:33 0 disk 29941 15526 49%
2018-07-27_16:19:33 1 / 29899 15505 46%
2018-07-27_16:19:33 1 /boot 42 21 51%
2018-07-27_16:19:33 0 disk 29941 15526 49%
2018-07-27_16:19:33 1 / 29899 15505 46%
2018-07-27_16:19:33 1 /boot 42 21 51%
2018-07-27_16:19:33 0 disk 29941 15526 49%
2018-07-27_16:19:33 1 / 29899 15505 46%
2018-07-27_16:19:33 1 /boot 42 21 51%
2018-07-27_16:19:33 0 disk 29941 15526 49%
2018-07-27_16:19:33 1 / 29899 15505 46%
2018-07-27_16:19:33 1 /boot 42 21 51%
2018-07-27_16:19:33 0 disk 29941 15526 49%
2018-07-27_16:19:33 1 / 29899 15505 46%
2018-07-27_16:19:33 1 /boot 42 21 51%
2018-07-27_16:19:33 0 disk 29941 15526 49%
2018-07-27_16:19:33 1 / 29899 15505 46%
2018-07-27_16:19:33 1 /boot 42 21 51%
2018-07-27_16:19:33 0 disk 29941 15526 49%
2018-07-27_16:19:33 1 / 29899 15505 46%
2018-07-27_16:19:33 1 /boot 42 21 51%
2018-07-27_16:19:33 0 disk 29941 15526 49%
2018-07-27_16:19:53 1 / 29899 15505 46%
2018-07-27_16:19:53 1 /boot 42 21 51%
2018-07-27_16:19:53 0 disk 29941 15526 49%
2018-07-27_16:19:53 1 / 29899 15505 46%
2018-07-27_16:19:53 1 /boot 42 21 51%
2018-07-27_16:19:53 0 disk 29941 15526 49%
2018-07-27_16:19:53 1 / 29899 15505 46%
2018-07-27_16:19:53 1 /boot 42 21 51%
2018-07-27_16:19:53 0 disk 29941 15526 49%
2018-07-27_16:19:53 1 / 29899 15505 46%
2018-07-27_16:19:53 1 /boot 42 21 51%
2018-07-27_16:19:53 0 disk 29941 15526 49%
2018-07-27_16:19:53 1 / 29899 15505 46%
2018-07-27_16:19:53 1 /boot 42 21 51%
2018-07-27_16:19:53 0 disk 29941 15526 49%
2018-07-27_16:19:53 1 / 29899 15505 46%
2018-07-27_16:19:53 1 /boot 42 21 51%
2018-07-27_16:19:53 0 disk 29941 15526 49%
2018-07-27_16:19:53 1 / 29899 15505 46%
2018-07-27_16:19:53 1 /boot 42 21 51%
2018-07-27_16:19:53 0 disk 29941 15526 49%
2018-07-27_16:19:53 1 / 29899 15505 46%
2018-07-27_16:19:53 1 /boot 42 21 51%
2018-07-27_16:19:53 0 disk 29941 15526 49%
2018-07-27_16:19:53 1 / 29899 15505 46%
2018-07-27_16:19:53 1 /boot 42 21 51%
2018-07-27_16:19:53 0 disk 29941 15526 49%
2018-07-27_16:19:53 1 / 29899 15505 46%
2018-07-27_16:19:53 1 /boot 42 21 51%
2018-07-27_16:19:53 0 disk 29941 15526 49%
2018-07-27_16:19:53 1 / 29899 15505 46%
2018-07-27_16:19:53 1 /boot 42 21 51%
2018-07-27_16:19:53 0 disk 29941 15526 49%
2018-07-27_16:19:53 1 / 29899 15505 46%
2018-07-27_16:19:53 1 /boot 42 21 51%
2018-07-27_16:19:53 0 disk 29941 15526 49%
2018-07-27_16:20:13 1 / 29899 15505 46%
2018-07-27_16:20:13 1 /boot 42 21 51%
2018-07-27_16:20:13 0 disk 29941 15526 49%
2018-07-27_16:20:13 1 / 29899 15505 46%
2018-07-27_16:20:13 1 /boot 42 21 51%
2018-07-27_16:20:13 0 disk 29941 15526 49%
2018-07-27_16:20:13 1 / 29899 15505 46%
2018-07-27_16:20:13 1 /boot 42 21 51%
2018-07-27_16:20:13 0 disk 29941 15526 49%
2018-07-27_16:20:14 1 / 29899 15505 46%
2018-07-27_16:20:14 1 /boot 42 21 51%
2018-07-27_16:20:14 0 disk 29941 15526 49%
2018-07-27_16:20:14 1 / 29899 15505 46%
2018-07-27_16:20:14 1 /boot 42 21 51%
2018-07-27_16:20:14 0 disk 29941 15526 49%
2018-07-27_16:20:14 1 / 29899 15505 46%
2018-07-27_16:20:14 1 /boot 42 21 51%
2018-07-27_16:20:14 0 disk 29941 15526 49%
2018-07-27_16:20:14 1 / 29899 15505 46%
2018-07-27_16:20:14 1 /boot 42 21 51%
2018-07-27_16:20:14 0 disk 29941 15526 49%
2018-07-27_16:20:14 1 / 29899 15505 46%
2018-07-27_16:20:14 1 /boot 42 21 51%
2018-07-27_16:20:14 0 disk 29941 15526 49%
2018-07-27_16:20:14 1 / 29899 15505 46%
2018-07-27_16:20:14 1 /boot 42 21 51%
2018-07-27_16:20:14 0 disk 29941 15526 49%
2018-07-27_16:20:14 1 / 29899 15505 46%
2018-07-27_16:20:14 1 /boot 42 21 51%
2018-07-27_16:20:14 0 disk 29941 15526 49%
2018-07-27_16:20:14 1 / 29899 15505 46%
2018-07-27_16:20:14 1 /boot 42 21 51%
2018-07-27_16:20:14 0 disk 29941 15526 49%
2018-07-27_16:20:14 1 / 29899 15505 46%
2018-07-27_16:20:14 1 /boot 42 21 51%
2018-07-27_16:20:14 0 disk 29941 15526 49%
2018-07-27_16:20:34 1 / 29899 15505 46%
2018-07-27_16:20:34 1 /boot 42 21 51%
2018-07-27_16:20:34 0 disk 29941 15526 49%
2018-07-27_16:20:34 1 / 29899 15505 46%
2018-07-27_16:20:34 1 /boot 42 21 51%
2018-07-27_16:20:34 0 disk 29941 15526 49%
2018-07-27_16:20:34 1 / 29899 15505 46%
2018-07-27_16:20:34 1 /boot 42 21 51%
2018-07-27_16:20:34 0 disk 29941 15526 49%
2018-07-27_16:20:34 1 / 29899 15505 46%
2018-07-27_16:20:34 1 /boot 42 21 51%
2018-07-27_16:20:34 0 disk 29941 15526 49%
2018-07-27_16:20:34 1 / 29899 15505 46%
2018-07-27_16:20:34 1 /boot 42 21 51%
2018-07-27_16:20:34 0 disk 29941 15526 49%
2018-07-27_16:20:34 1 / 29899 15505 46%
2018-07-27_16:20:34 1 /boot 42 21 51%
2018-07-27_16:20:34 0 disk 29941 15526 49%
2018-07-27_16:20:34 1 / 29899 15505 46%
2018-07-27_16:20:34 1 /boot 42 21 51%
2018-07-27_16:20:34 0 disk 29941 15526 49%
2018-07-27_16:20:34 1 / 29899 15505 46%
2018-07-27_16:20:34 1 /boot 42 21 51%
2018-07-27_16:20:34 0 disk 29941 15526 49%
2018-07-27_16:20:34 1 / 29899 15505 46%
2018-07-27_16:20:34 1 /boot 42 21 51%
2018-07-27_16:20:34 0 disk 29941 15526 49%
2018-07-27_16:20:34 1 / 29899 15505 46%
2018-07-27_16:20:34 1 /boot 42 21 51%
2018-07-27_16:20:34 0 disk 29941 15526 49%
2018-07-27_16:20:34 1 / 29899 15505 46%
2018-07-27_16:20:34 1 /boot 42 21 51%
2018-07-27_16:20:34 0 disk 29941 15526 49%
2018-07-27_16:20:34 1 / 29899 15505 46%
2018-07-27_16:20:34 1 /boot 42 21 51%
2018-07-27_16:20:34 0 disk 29941 15526 49%
2018-07-27_16:20:54 1 / 29899 15505 46%
2018-07-27_16:20:54 1 /boot 42 21 51%
2018-07-27_16:20:54 0 disk 29941 15526 49%
2018-07-27_16:20:54 1 / 29899 15505 46%
2018-07-27_16:20:54 1 /boot 42 21 51%
2018-07-27_16:20:54 0 disk 29941 15526 49%
2018-07-27_16:20:54 1 / 29899 15505 46%
2018-07-27_16:20:54 1 /boot 42 21 51%
2018-07-27_16:20:54 0 disk 29941 15526 49%
2018-07-27_16:20:54 1 / 29899 15505 46%
2018-07-27_16:20:54 1 /boot 42 21 51%
2018-07-27_16:20:54 0 disk 29941 15526 49%
2018-07-27_16:20:54 1 / 29899 15505 46%
2018-07-27_16:20:54 1 /boot 42 21 51%
2018-07-27_16:20:54 0 disk 29941 15526 49%
2018-07-27_16:20:54 1 / 29899 15505 46%
2018-07-27_16:20:54 1 /boot 42 21 51%
2018-07-27_16:20:54 0 disk 29941 15526 49%
2018-07-27_16:20:54 1 / 29899 15505 46%
2018-07-27_16:20:54 1 /boot 42 21 51%
2018-07-27_16:20:54 0 disk 29941 15526 49%
2018-07-27_16:20:54 1 / 29899 15505 46%
2018-07-27_16:20:54 1 /boot 42 21 51%
2018-07-27_16:20:54 0 disk 29941 15526 49%
2018-07-27_16:20:54 1 / 29899 15505 46%
2018-07-27_16:20:54 1 /boot 42 21 51%
2018-07-27_16:20:54 0 disk 29941 15526 49%
2018-07-27_16:20:54 1 / 29899 15505 46%
2018-07-27_16:20:54 1 /boot 42 21 51%
2018-07-27_16:20:54 0 disk 29941 15526 49%
2018-07-27_16:20:54 1 / 29899 15505 46%
2018-07-27_16:20:54 1 /boot 42 21 51%
2018-07-27_16:20:54 0 disk 29941 15526 49%
2018-07-27_16:20:54 1 / 29899 15505 46%
2018-07-27_16:20:54 1 /boot 42 21 51%
2018-07-27_16:20:54 0 disk 29941 15526 49%
2018-07-27_16:21:14 1 / 29899 15505 46%
2018-07-27_16:21:14 1 /boot 42 21 51%
2018-07-27_16:21:14 0 disk 29941 15526 49%
2018-07-27_16:21:14 1 / 29899 15505 46%
2018-07-27_16:21:14 1 /boot 42 21 51%
2018-07-27_16:21:14 0 disk 29941 15526 49%
2018-07-27_16:21:14 1 / 29899 15505 46%
2018-07-27_16:21:14 1 /boot 42 21 51%
2018-07-27_16:21:14 0 disk 29941 15526 49%
2018-07-27_16:21:14 1 / 29899 15505 46%
2018-07-27_16:21:14 1 /boot 42 21 51%
2018-07-27_16:21:14 0 disk 29941 15526 49%
2018-07-27_16:21:14 1 / 29899 15505 46%
2018-07-27_16:21:14 1 /boot 42 21 51%
2018-07-27_16:21:14 0 disk 29941 15526 49%
2018-07-27_16:21:14 1 / 29899 15505 46%
2018-07-27_16:21:14 1 /boot 42 21 51%
2018-07-27_16:21:14 0 disk 29941 15526 49%
2018-07-27_16:21:14 1 / 29899 15505 46%
2018-07-27_16:21:14 1 /boot 42 21 51%
2018-07-27_16:21:14 0 disk 29941 15526 49%
2018-07-27_16:21:15 1 / 29899 15505 46%
2018-07-27_16:21:15 1 /boot 42 21 51%
2018-07-27_16:21:15 0 disk 29941 15526 49%
2018-07-27_16:21:15 1 / 29899 15505 46%
2018-07-27_16:21:15 1 /boot 42 21 51%
2018-07-27_16:21:15 0 disk 29941 15526 49%
2018-07-27_16:21:15 1 / 29899 15505 46%
2018-07-27_16:21:15 1 /boot 42 21 51%
2018-07-27_16:21:15 0 disk 29941 15526 49%
2018-07-27_16:21:15 1 / 29899 15505 46%
2018-07-27_16:21:15 1 /boot 42 21 51%
2018-07-27_16:21:15 0 disk 29941 15526 49%
2018-07-27_16:21:15 1 / 29899 15505 46%
2018-07-27_16:21:15 1 /boot 42 21 51%
2018-07-27_16:21:15 0 disk 29941 15526 49%
2018-07-27_16:21:35 1 / 29899 15505 46%
2018-07-27_16:21:35 1 /boot 42 21 51%
2018-07-27_16:21:35 0 disk 29941 15526 49%
2018-07-27_16:21:35 1 / 29899 15505 46%
2018-07-27_16:21:35 1 /boot 42 21 51%
2018-07-27_16:21:35 0 disk 29941 15526 49%
2018-07-27_16:21:35 1 / 29899 15505 46%
2018-07-27_16:21:35 1 /boot 42 21 51%
2018-07-27_16:21:35 0 disk 29941 15526 49%
2018-07-27_16:21:35 1 / 29899 15505 46%
2018-07-27_16:21:35 1 /boot 42 21 51%
2018-07-27_16:21:35 0 disk 29941 15526 49%
2018-07-27_16:21:35 1 / 29899 15505 46%
2018-07-27_16:21:35 1 /boot 42 21 51%
2018-07-27_16:21:35 0 disk 29941 15526 49%
2018-07-27_16:21:35 1 / 29899 15505 46%
2018-07-27_16:21:35 1 /boot 42 21 51%
2018-07-27_16:21:35 0 disk 29941 15526 49%
2018-07-27_16:21:35 1 / 29899 15505 46%
2018-07-27_16:21:35 1 /boot 42 21 51%
2018-07-27_16:21:35 0 disk 29941 15526 49%
2018-07-27_16:21:35 1 / 29899 15505 46%
2018-07-27_16:21:35 1 /boot 42 21 51%
2018-07-27_16:21:35 0 disk 29941 15526 49%
2018-07-27_16:21:35 1 / 29899 15505 46%
2018-07-27_16:21:35 1 /boot 42 21 51%
2018-07-27_16:21:35 0 disk 29941 15526 49%
2018-07-27_16:21:35 1 / 29899 15505 46%
2018-07-27_16:21:35 1 /boot 42 21 51%
2018-07-27_16:21:35 0 disk 29941 15526 49%
2018-07-27_16:21:35 1 / 29899 15505 46%
2018-07-27_16:21:35 1 /boot 42 21 51%
2018-07-27_16:21:35 0 disk 29941 15526 49%
2018-07-27_16:21:35 1 / 29899 15505 46%
2018-07-27_16:21:35 1 /boot 42 21 51%
2018-07-27_16:21:35 0 disk 29941 15526 49%
