16:16:03-07-27__16:16:03 927 756 .07 .070
16:16:05-07-27__16:16:05 927 756 .07 .070
16:16:07-07-27__16:16:07 927 756 .07 .070
16:16:09-07-27__16:16:09 927 756 .07 .070
16:16:11-07-27__16:16:11 927 756 .07 .070
16:16:13-07-27__16:16:13 927 756 .07 .070
16:16:15-07-27__16:16:15 927 756 .07 .070
16:16:17-07-27__16:16:17 927 756 .07 .070
16:16:19-07-27__16:16:19 927 756 .07 .070
16:16:21-07-27__16:16:21 927 755 .07 .070
16:16:24-07-27__16:16:24 927 756 .07 .070
16:16:26-07-27__16:16:26 927 756 .07 .070
16:16:48-07-27__16:16:48 927 756 .07 .070
16:16:50-07-27__16:16:50 927 756 .07 .070
16:16:52-07-27__16:16:52 927 756 .07 .070
16:16:54-07-27__16:16:54 927 756 .07 .070
16:16:56-07-27__16:16:56 927 756 .07 .070
16:16:58-07-27__16:16:58 927 756 .07 .070
16:17:00-07-27__16:17:00 927 756 .07 .070
16:17:02-07-27__16:17:02 927 756 .07 .070
16:17:04-07-27__16:17:04 927 756 .07 .070
16:17:07-07-27__16:17:07 927 755 .07 .070
16:17:09-07-27__16:17:09 927 756 .07 .070
16:17:11-07-27__16:17:11 927 756 .07 .070
16:18:18-07-27__16:18:18 927 756 .07 .070
16:18:20-07-27__16:18:20 927 756 .07 .070
16:18:22-07-27__16:18:22 927 755 .07 .070
16:18:24-07-27__16:18:24 927 756 .07 .070
16:18:26-07-27__16:18:26 927 756 .07 .070
16:18:29-07-27__16:18:29 927 756 .07 .070
16:18:31-07-27__16:18:31 927 756 .07 .070
16:18:33-07-27__16:18:33 927 756 .07 .070
16:18:35-07-27__16:18:35 927 755 .07 .070
16:18:37-07-27__16:18:37 927 756 .07 .070
16:18:39-07-27__16:18:39 927 756 .07 .070
16:18:41-07-27__16:18:41 927 756 .07 .070
16:19:03-07-27__16:19:03 927 757 .07 .070
16:19:05-07-27__16:19:05 927 756 .07 .070
16:19:07-07-27__16:19:07 927 756 .07 .070
16:19:10-07-27__16:19:10 927 756 .07 .070
16:19:12-07-27__16:19:12 927 756 .07 .070
16:19:14-07-27__16:19:14 927 756 .07 .070
16:19:16-07-27__16:19:16 927 756 .07 .070
16:19:18-07-27__16:19:18 927 755 .07 .070
16:19:20-07-27__16:19:20 927 756 .07 .070
16:19:22-07-27__16:19:22 927 756 .07 .070
16:19:24-07-27__16:19:24 927 756 .07 .070
16:19:26-07-27__16:19:26 927 756 .07 .070
16:19:48-07-27__16:19:48 927 756 .07 .070
16:19:50-07-27__16:19:50 927 756 .07 .070
16:19:53-07-27__16:19:53 927 756 .07 .070
16:19:55-07-27__16:19:55 927 756 .07 .070
16:19:57-07-27__16:19:57 927 756 .07 .070
16:19:59-07-27__16:19:59 927 756 .07 .070
16:20:01-07-27__16:20:01 927 756 .07 .070
16:20:03-07-27__16:20:03 927 756 .07 .070
16:20:05-07-27__16:20:05 927 756 .07 .070
16:20:07-07-27__16:20:07 927 756 .07 .070
16:20:09-07-27__16:20:09 927 756 .07 .070
16:20:11-07-27__16:20:11 927 756 .07 .070
16:20:34-07-27__16:20:34 927 756 .07 .070
16:20:36-07-27__16:20:36 927 756 .07 .070
16:20:38-07-27__16:20:38 927 756 .07 .070
16:20:40-07-27__16:20:40 927 756 .07 .070
16:20:42-07-27__16:20:42 927 756 .07 .070
16:20:44-07-27__16:20:44 927 756 .07 .070
16:20:46-07-27__16:20:46 927 755 .07 .070
16:20:48-07-27__16:20:48 927 756 .07 .070
16:20:50-07-27__16:20:50 927 756 .07 .070
16:20:52-07-27__16:20:52 927 756 .07 .070
16:20:54-07-27__16:20:54 927 756 .07 .070
16:20:57-07-27__16:20:57 927 756 .07 .070
